Arguments: 
  C:\Program Files\nodejs\node.exe C:\Users\Windown 10\AppData\Roaming\npm\node_modules\yarn\bin\yarn.js run dev

PATH: 
  C:\Users\Windown 10\bin;C:\Program Files\Git\mingw64\bin;C:\Program Files\Git\usr\local\bin;C:\Program Files\Git\usr\bin;C:\Program Files\Git\usr\bin;C:\Program Files\Git\mingw64\bin;C:\Program Files\Git\usr\bin;C:\Users\Windown 10\bin;C:\ProgramData\Oracle\Java\javapath;C:\WINDOWS\system32;C:\WINDOWS;C:\WINDOWS\System32\Wbem;C:\WINDOWS\System32\WindowsPowerShell\v1.0;C:\Program Files (x86)\Skype\Phone;C:\Program Files\Git\cmd;C:\Program Files\nodejs;C:\Users\Windown 10\AppData\Local\Microsoft\WindowsApps;C:\Users\Windown 10\AppData\Roaming\npm;C:\Users\Windown 10\AppData\Local\atom\bin;%USERPROFILE%\AppData\Local\Microsoft\WindowsApps;C:\Program Files\Git\usr\bin\vendor_perl;C:\Program Files\Git\usr\bin\core_perl

Yarn version: 
  1.5.1

Node version: 
  9.1.0

Platform: 
  win32 x64

npm manifest: 
  No manifest

yarn manifest: 
  No manifest

Lockfile: 
  No lockfile

Trace: 
  Error: Couldn't find a package.json file in "D:\\tranning\\git\\Alamanda-FE"
      at new MessageError (C:\Users\Windown 10\AppData\Roaming\npm\node_modules\yarn\lib\cli.js:186:110)
      at C:\Users\Windown 10\AppData\Roaming\npm\node_modules\yarn\lib\cli.js:40048:15
      at Generator.next (<anonymous>)
      at step (C:\Users\Windown 10\AppData\Roaming\npm\node_modules\yarn\lib\cli.js:98:30)
      at C:\Users\Windown 10\AppData\Roaming\npm\node_modules\yarn\lib\cli.js:109:13
      at <anonymous>
